<?xml version="1.0" encoding="UTF-8"?>
<!-- Generated by org.testng.reporters.JUnitReportReporter -->
<testsuite skipped="0" hostname="CDC2-D-6S8HH92" name="test.Test1" tests="1" failures="0" timestamp="01 Aug 2019 06:54:15 GMT" time="23.281" errors="0">
  <testcase name="test" time="23.281" classname="test.Test1"/>
</testsuite> <!-- test.Test1 -->
