<?xml version="1.0" encoding="UTF-8"?>
<!-- Generated by org.testng.reporters.JUnitReportReporter -->
<testsuite skipped="0" hostname="CDC2-D-6S8HH92" name="seleniumdemo.test2" tests="1" failures="0" timestamp="29 Jul 2019 04:38:58 GMT" time="9.628" errors="0">
  <testcase name="f" time="9.628" classname="seleniumdemo.test2"/>
</testsuite> <!-- seleniumdemo.test2 -->
