<?xml version="1.0" encoding="UTF-8"?>
<!-- Generated by org.testng.reporters.JUnitReportReporter -->
<testsuite skipped="0" hostname="CDC2-D-6S8HH92" name="seleniumdemo.TestngDemo" tests="1" failures="0" timestamp="25 Jul 2019 05:09:41 GMT" time="5.313" errors="0">
  <testcase name="f" time="5.313" classname="seleniumdemo.TestngDemo"/>
</testsuite> <!-- seleniumdemo.TestngDemo -->
