<?xml version="1.0" encoding="UTF-8"?>
<!-- Generated by org.testng.reporters.JUnitReportReporter -->
<testsuite skipped="0" hostname="CDC2-D-6S8HH92" name="seleniumdemo.NewTest" tests="1" failures="0" timestamp="26 Jul 2019 05:56:37 GMT" time="23.416" errors="0">
  <testcase name="f" time="23.416" classname="seleniumdemo.NewTest"/>
</testsuite> <!-- seleniumdemo.NewTest -->
