<?xml version="1.0" encoding="UTF-8"?>
<!-- Generated by org.testng.reporters.JUnitReportReporter -->
<testsuite skipped="0" hostname="CDC2-D-6S8HH92" name="seleniumdemo.Windowhandle" tests="1" failures="0" timestamp="26 Jul 2019 06:45:48 GMT" time="33.633" errors="0">
  <testcase name="f" time="33.633" classname="seleniumdemo.Windowhandle"/>
</testsuite> <!-- seleniumdemo.Windowhandle -->
