<?xml version="1.0" encoding="UTF-8"?>
<!-- Generated by org.testng.reporters.JUnitReportReporter -->
<testsuite skipped="0" hostname="CDC2-D-6S8HH92" name="seleniumdemo.actions" tests="1" failures="0" timestamp="29 Jul 2019 04:47:03 GMT" time="15.895" errors="0">
  <testcase name="f" time="15.895" classname="seleniumdemo.actions"/>
</testsuite> <!-- seleniumdemo.actions -->
